<?xml version="1.0" encoding="UTF-8"?>
<!-- Generated by org.testng.reporters.JUnitReportReporter -->
<testsuite hostname="LTIN1159251" failures="0" tests="2" name="testcases.Google" time="32.477" errors="0" timestamp="2022-08-19T20:51:12 IST" skipped="0">
  <testcase classname="testcases.Google" name="navigateToHomePage" time="14.326"/>
  <system-out/>
  <testcase classname="testcases.Google" name="search" time="18.151"/>
  <system-out/>
</testsuite> <!-- testcases.Google -->
