<?xml version="1.0" encoding="UTF-8"?>
<!-- Generated by org.testng.reporters.JUnitReportReporter -->
<testsuite hostname="LTIN1159251" failures="0" tests="1" name="testcases.ConnectToSqlDatabase" time="0.413" errors="0" timestamp="2022-09-07T13:29:36 IST" skipped="0">
  <testcase classname="testcases.ConnectToSqlDatabase" name="retrieveDataFromSql" time="0.413"/>
  <system-out/>
</testsuite> <!-- testcases.ConnectToSqlDatabase -->
