<?xml version="1.0" encoding="UTF-8"?>
<!-- Generated by org.testng.reporters.JUnitReportReporter -->
<testsuite hostname="LTIN1159251" failures="0" tests="1" name="testcases.Google" time="14.776" errors="0" timestamp="2022-09-16T19:46:30 IST" skipped="0">
  <testcase classname="testcases.Google" name="search" time="14.776"/>
  <system-out/>
</testsuite> <!-- testcases.Google -->
