<?xml version="1.0" encoding="UTF-8"?>
<!-- Generated by org.testng.reporters.JUnitReportReporter -->
<testsuite hostname="LTIN1159251" failures="0" tests="1" name="testcases.Amazon" time="12.919" errors="0" timestamp="2022-08-19T20:51:12 IST" skipped="0">
  <testcase classname="testcases.Amazon" name="navigateToHomePage" time="12.919"/>
  <system-out/>
</testsuite> <!-- testcases.Amazon -->
