<?xml version="1.0" encoding="UTF-8"?>
<!-- Generated by org.testng.reporters.JUnitReportReporter -->
<testsuite hostname="LTIN1159251" failures="0" tests="2" name="testcases.Search_MultipleTerms_In_Google" time="20.491" errors="0" timestamp="2022-09-13T22:45:05 IST" skipped="0">
  <testcase classname="testcases.Search_MultipleTerms_In_Google" name="search" time="8.003"/>
  <system-out/>
  <testcase classname="testcases.Search_MultipleTerms_In_Google" name="search" time="12.488"/>
  <system-out/>
</testsuite> <!-- testcases.Search_MultipleTerms_In_Google -->
