<?xml version="1.0" encoding="UTF-8"?>
<!-- Generated by org.testng.reporters.JUnitReportReporter -->
<testsuite hostname="LTIN1159251" failures="0" tests="1" name="testcases.FindAllBrokenLinks" time="44.446" errors="0" timestamp="2022-08-27T21:27:53 IST" skipped="0">
  <testcase classname="testcases.FindAllBrokenLinks" name="brokenLinks" time="44.446"/>
  <system-out/>
</testsuite> <!-- testcases.FindAllBrokenLinks -->
