<?xml version="1.0" encoding="UTF-8"?>
<!-- Generated by org.testng.reporters.JUnitReportReporter -->
<testsuite hostname="LTIN1159251" failures="0" tests="1" name="testcases.PartialScreenShot" time="20.121" errors="0" timestamp="2022-09-14T22:11:56 IST" skipped="0">
  <testcase classname="testcases.PartialScreenShot" name="visibleScreen" time="20.121"/>
  <system-out/>
</testsuite> <!-- testcases.PartialScreenShot -->
