<?xml version="1.0" encoding="UTF-8"?>
<!-- Generated by org.testng.reporters.JUnitReportReporter -->
<testsuite hostname="LTIN1159251" failures="0" tests="1" name="utilities.TestBase" time="1.616" errors="0" timestamp="2022-08-17T19:40:59 IST" skipped="0">
  <testcase classname="utilities.TestBase" name="f" time="1.616"/>
  <system-out/>
</testsuite> <!-- utilities.TestBase -->
