<?xml version="1.0" encoding="UTF-8"?>
<!-- Generated by org.testng.reporters.JUnitReportReporter -->
<testsuite hostname="LTIN1159251" failures="0" tests="1" name="testcases.UploadFile" time="22.025" errors="0" timestamp="2022-08-19T20:51:12 IST" skipped="0">
  <testcase classname="testcases.UploadFile" name="uploadUsingRobotClass" time="22.025"/>
  <system-out/>
</testsuite> <!-- testcases.UploadFile -->
