<?xml version="1.0" encoding="UTF-8"?>
<!-- Generated by org.testng.reporters.JUnitReportReporter -->
<testsuite hostname="LTIN1159251" failures="0" tests="2" name="testcases.ScreenShot" time="25.295" errors="0" timestamp="2022-09-14T22:29:27 IST" skipped="0">
  <testcase classname="testcases.ScreenShot" name="visibleScreen" time="9.097"/>
  <system-out/>
  <testcase classname="testcases.ScreenShot" name="fullScreen" time="16.198"/>
  <system-out/>
</testsuite> <!-- testcases.ScreenShot -->
