<?xml version="1.0" encoding="UTF-8"?>
<!-- Generated by org.testng.reporters.JUnitReportReporter -->
<testsuite hostname="LTIN1159251" failures="0" tests="1" name="testcases.FluentWaitExample" time="4.642" errors="0" timestamp="2022-08-26T15:06:41 IST" skipped="0">
  <testcase classname="testcases.FluentWaitExample" name="fluentWaitMethod" time="4.642"/>
  <system-out/>
</testsuite> <!-- testcases.FluentWaitExample -->
