<?xml version="1.0" encoding="UTF-8"?>
<!-- Generated by org.testng.reporters.JUnitReportReporter -->
<testsuite hostname="LTIN1159251" failures="0" tests="1" name="testcases.NavigateToGoogleHomePage" time="8.180" errors="0" timestamp="2022-08-15T21:36:48 IST" skipped="0">
  <testcase classname="testcases.NavigateToGoogleHomePage" name="f" time="8.180"/>
  <system-out/>
</testsuite> <!-- testcases.NavigateToGoogleHomePage -->
