<?xml version="1.0" encoding="UTF-8"?>
<!-- Generated by org.testng.reporters.JUnitReportReporter -->
<testsuite hostname="LTIN1159251" failures="0" tests="1" name="testcases.HighlightHtmlElement" time="15.778" errors="0" timestamp="2022-08-27T21:47:48 IST" skipped="0">
  <testcase classname="testcases.HighlightHtmlElement" name="highlight" time="15.778"/>
  <system-out/>
</testsuite> <!-- testcases.HighlightHtmlElement -->
